Traceback (most recent call last):
  File "/usr/local/python/3.12.1/lib/python3.12/site-packages/jupyter_cache/executors/utils.py", line 58, in single_nb_execution
    executenb(
  File "/home/codespace/.local/lib/python3.12/site-packages/nbclient/client.py", line 1314, in execute
    return NotebookClient(nb=nb, resources=resources, km=km, **kwargs).execute()
           ^^^^^^^^^^^^^^^^^^^^^^^^^^^^^^^^^^^^^^^^^^^^^^^^^^^^^^^^^^^^^^^^^^^^^
  File "/home/codespace/.local/lib/python3.12/site-packages/jupyter_core/utils/__init__.py", line 165, in wrapped
    return loop.run_until_complete(inner)
           ^^^^^^^^^^^^^^^^^^^^^^^^^^^^^^
  File "/usr/local/python/3.12.1/lib/python3.12/asyncio/base_events.py", line 684, in run_until_complete
    return future.result()
           ^^^^^^^^^^^^^^^
  File "/home/codespace/.local/lib/python3.12/site-packages/nbclient/client.py", line 709, in async_execute
    await self.async_execute_cell(
  File "/home/codespace/.local/lib/python3.12/site-packages/nbclient/client.py", line 1062, in async_execute_cell
    await self._check_raise_for_error(cell, cell_index, exec_reply)
  File "/home/codespace/.local/lib/python3.12/site-packages/nbclient/client.py", line 918, in _check_raise_for_error
    raise CellExecutionError.from_cell_and_msg(cell, exec_reply_content)
nbclient.exceptions.CellExecutionError: An error occurred while executing the following cell:
------------------
import pandas as pd

file_path = "/content/iris.xlsx"

xls = pd.ExcelFile(file_path)
print("Sheet yang tersedia:", xls.sheet_names)

# Baca sheet pertama (misal "mysql")
df_mysql = pd.read_excel(xls, sheet_name="mysql")
print(df_mysql.head())  # Menampilkan 5 baris pertama
------------------


[0;31m---------------------------------------------------------------------------[0m
[0;31mFileNotFoundError[0m                         Traceback (most recent call last)
Cell [0;32mIn[2], line 5[0m
[1;32m      1[0m [38;5;28;01mimport[39;00m [38;5;21;01mpandas[39;00m [38;5;28;01mas[39;00m [38;5;21;01mpd[39;00m
[1;32m      3[0m file_path [38;5;241m=[39m [38;5;124m"[39m[38;5;124m/content/iris.xlsx[39m[38;5;124m"[39m
[0;32m----> 5[0m xls [38;5;241m=[39m [43mpd[49m[38;5;241;43m.[39;49m[43mExcelFile[49m[43m([49m[43mfile_path[49m[43m)[49m
[1;32m      6[0m [38;5;28mprint[39m([38;5;124m"[39m[38;5;124mSheet yang tersedia:[39m[38;5;124m"[39m, xls[38;5;241m.[39msheet_names)
[1;32m      8[0m [38;5;66;03m# Baca sheet pertama (misal "mysql")[39;00m

File [0;32m~/.local/lib/python3.12/site-packages/pandas/io/excel/_base.py:1550[0m, in [0;36mExcelFile.__init__[0;34m(self, path_or_buffer, engine, storage_options, engine_kwargs)[0m
[1;32m   1548[0m     ext [38;5;241m=[39m [38;5;124m"[39m[38;5;124mxls[39m[38;5;124m"[39m
[1;32m   1549[0m [38;5;28;01melse[39;00m:
[0;32m-> 1550[0m     ext [38;5;241m=[39m [43minspect_excel_format[49m[43m([49m
[1;32m   1551[0m [43m        [49m[43mcontent_or_path[49m[38;5;241;43m=[39;49m[43mpath_or_buffer[49m[43m,[49m[43m [49m[43mstorage_options[49m[38;5;241;43m=[39;49m[43mstorage_options[49m
[1;32m   1552[0m [43m    [49m[43m)[49m
[1;32m   1553[0m     [38;5;28;01mif[39;00m ext [38;5;129;01mis[39;00m [38;5;28;01mNone[39;00m:
[1;32m   1554[0m         [38;5;28;01mraise[39;00m [38;5;167;01mValueError[39;00m(
[1;32m   1555[0m             [38;5;124m"[39m[38;5;124mExcel file format cannot be determined, you must specify [39m[38;5;124m"[39m
[1;32m   1556[0m             [38;5;124m"[39m[38;5;124man engine manually.[39m[38;5;124m"[39m
[1;32m   1557[0m         )

File [0;32m~/.local/lib/python3.12/site-packages/pandas/io/excel/_base.py:1402[0m, in [0;36minspect_excel_format[0;34m(content_or_path, storage_options)[0m
[1;32m   1399[0m [38;5;28;01mif[39;00m [38;5;28misinstance[39m(content_or_path, [38;5;28mbytes[39m):
[1;32m   1400[0m     content_or_path [38;5;241m=[39m BytesIO(content_or_path)
[0;32m-> 1402[0m [38;5;28;01mwith[39;00m [43mget_handle[49m[43m([49m
[1;32m   1403[0m [43m    [49m[43mcontent_or_path[49m[43m,[49m[43m [49m[38;5;124;43m"[39;49m[38;5;124;43mrb[39;49m[38;5;124;43m"[39;49m[43m,[49m[43m [49m[43mstorage_options[49m[38;5;241;43m=[39;49m[43mstorage_options[49m[43m,[49m[43m [49m[43mis_text[49m[38;5;241;43m=[39;49m[38;5;28;43;01mFalse[39;49;00m
[1;32m   1404[0m [43m[49m[43m)[49m [38;5;28;01mas[39;00m handle:
[1;32m   1405[0m     stream [38;5;241m=[39m handle[38;5;241m.[39mhandle
[1;32m   1406[0m     stream[38;5;241m.[39mseek([38;5;241m0[39m)

File [0;32m~/.local/lib/python3.12/site-packages/pandas/io/common.py:882[0m, in [0;36mget_handle[0;34m(path_or_buf, mode, encoding, compression, memory_map, is_text, errors, storage_options)[0m
[1;32m    873[0m         handle [38;5;241m=[39m [38;5;28mopen[39m(
[1;32m    874[0m             handle,
[1;32m    875[0m             ioargs[38;5;241m.[39mmode,
[0;32m   (...)[0m
[1;32m    878[0m             newline[38;5;241m=[39m[38;5;124m"[39m[38;5;124m"[39m,
[1;32m    879[0m         )
[1;32m    880[0m     [38;5;28;01melse[39;00m:
[1;32m    881[0m         [38;5;66;03m# Binary mode[39;00m
[0;32m--> 882[0m         handle [38;5;241m=[39m [38;5;28;43mopen[39;49m[43m([49m[43mhandle[49m[43m,[49m[43m [49m[43mioargs[49m[38;5;241;43m.[39;49m[43mmode[49m[43m)[49m
[1;32m    883[0m     handles[38;5;241m.[39mappend(handle)
[1;32m    885[0m [38;5;66;03m# Convert BytesIO or file objects passed with an encoding[39;00m

[0;31mFileNotFoundError[0m: [Errno 2] No such file or directory: '/content/iris.xlsx'

